#
# A fatal error has been detected by the Java Runtime Environment:
#
#  SIGSEGV (0xb) at pc=0x00007fe32a3503d7, pid=20079, tid=20091
#
# JRE version: OpenJDK Runtime Environment (11.0.22+7) (build 11.0.22+7-post-Ubuntu-0ubuntu222.04.1)
# Java VM: OpenJDK 64-Bit Server VM (11.0.22+7-post-Ubuntu-0ubuntu222.04.1, mixed mode, sharing, tiered, compressed oops, g1 gc, linux-amd64)
# Problematic frame:
# V  [libjvm.so+0x5503d7]  SafePointNode::set_next_exception(SafePointNode*)+0x47
#
# Core dump will be written. Default location: Core dumps may be processed with "/usr/share/apport/apport -p%p -s%s -c%c -d%d -P%P -u%u -g%g -- %E" (or dumping to /home/luana/Documentos/Git/happyday/core.20079)
#
# If you would like to submit a bug report, please visit:
#   https://bugs.launchpad.net/ubuntu/+source/openjdk-lts
#

---------------  S U M M A R Y ------------

Command Line: -Dmaven.multiModuleProjectDirectory=/home/luana/Documentos/Git/happyday -Djansi.passthrough=true -Dmaven.home=/home/luana/.m2/wrapper/dists/apache-maven-3.9.5-bin/2adeog8mj13csp1uusqnc1f2mo/apache-maven-3.9.5 -Dclassworlds.conf=/home/luana/.m2/wrapper/dists/apache-maven-3.9.5-bin/2adeog8mj13csp1uusqnc1f2mo/apache-maven-3.9.5/bin/m2.conf -Dmaven.ext.class.path=/snap/intellij-idea-community/495/plugins/maven/lib/maven-event-listener.jar -javaagent:/snap/intellij-idea-community/495/lib/idea_rt.jar=38799:/snap/intellij-idea-community/495/bin -Dfile.encoding=UTF-8 org.codehaus.classworlds.Launcher -Didea.version=2024.1 clean

Host: Intel(R) Core(TM) i7-5500U CPU @ 2.40GHz, 4 cores, 7G, Ubuntu 22.04.3 LTS
Time: Tue Apr 23 21:56:03 2024 -03 elapsed time: 0.181577 seconds (0d 0h 0m 0s)

---------------  T H R E A D  ---------------

Current thread (0x00007fe324184000):  JavaThread "C2 CompilerThread0" daemon [_thread_in_native, id=20091, stack(0x00007fe30c100000,0x00007fe30c200000)]


Current CompileTask:
C2:    181  112       4       java.util.HashMap::afterNodeInsertion (1 bytes)

Stack: [0x00007fe30c100000,0x00007fe30c200000],  sp=0x00007fe30c1fcf30,  free space=1011k
Native frames: (J=compiled Java code, A=aot compiled Java code, j=interpreted, Vv=VM code, C=native code)
V  [libjvm.so+0x5503d7]  SafePointNode::set_next_exception(SafePointNode*)+0x47
V  [libjvm.so+0xc2c0d5]  Parse::Parse(JVMState*, ciMethod*, float)+0x7b5
V  [libjvm.so+0x5482bb]  ParseGenerator::generate(JVMState*)+0x8b
V  [libjvm.so+0x622c05]  Compile::Compile(ciEnv*, C2Compiler*, ciMethod*, int, bool, bool, bool, bool, DirectiveSet*)+0xdb5
V  [libjvm.so+0x547618]  C2Compiler::compile_method(ciEnv*, ciMethod*, int, DirectiveSet*)+0x128
V  [libjvm.so+0x62ba2f]  CompileBroker::invoke_compiler_on_method(CompileTask*)+0x3bf
V  [libjvm.so+0x62cc30]  CompileBroker::compiler_thread_loop()+0x430
V  [libjvm.so+0xe41391]  JavaThread::thread_main_inner()+0x131
V  [libjvm.so+0xe3d790]  Thread::call_run()+0x140
V  [libjvm.so+0xbf97de]  thread_native_entry(Thread*)+0xee


siginfo: si_signo: 11 (SIGSEGV), si_code: 1 (SEGV_MAPERR), si_addr: 0x00007fe9981b0b58

Register to memory mapping:

RAX=0x00007fe2d8030190 points into unknown readable memory: 0x00007fe2d802f798 | 98 f7 02 d8 e2 7f 00 00
RBX=0x00007fe30c1fcfa0 is pointing into the stack for thread: 0x00007fe324184000
RCX=0x00007fe2d4022f20 points into unknown readable memory: 0x0000000000246ff0 | f0 6f 24 00 00 00 00 00
RDX=0x0000000000200000 is an unknown value
RSP=0x00007fe30c1fcf30 is pointing into the stack for thread: 0x00007fe324184000
RBP=0x00007fe30c1fcf40 is pointing into the stack for thread: 0x00007fe324184000
RSI=0x0000000000000010 is an unknown value
RDI=0x00000006c01809c8 is an unknown value
R8 =0x0000000000000009 is an unknown value
R9 =0x0 is NULL
R10=0x00007fe9981b0b58 is an unknown value
R11=0x00007fe2d8030118 points into unknown readable memory: 0x0000000000000000 | 00 00 00 00 00 00 00 00
R12=0x0 is NULL
R13=0x00007fe2d8030138 points into unknown readable memory: 0x00007fe32b01cb88 | 88 cb 01 2b e3 7f 00 00
R14=0x0 is NULL
R15=0x00007fe2d802ff50 points into unknown readable memory: 0x00007fe32b01cb88 | 88 cb 01 2b e3 7f 00 00


Registers:
RAX=0x00007fe2d8030190, RBX=0x00007fe30c1fcfa0, RCX=0x00007fe2d4022f20, RDX=0x0000000000200000
RSP=0x00007fe30c1fcf30, RBP=0x00007fe30c1fcf40, RSI=0x0000000000000010, RDI=0x00000006c01809c8
R8 =0x0000000000000009, R9 =0x0000000000000000, R10=0x00007fe9981b0b58, R11=0x00007fe2d8030118
R12=0x0000000000000000, R13=0x00007fe2d8030138, R14=0x0000000000000000, R15=0x00007fe2d802ff50
RIP=0x00007fe32a3503d7, EFLAGS=0x0000000000010202, CSGSFS=0x002b000000000033, ERR=0x0000000000000004
  TRAPNO=0x000000000000000e

Top of Stack: (sp=0x00007fe30c1fcf30)
0x00007fe30c1fcf30:   00007fe2d8056f50 0000000000000000
0x00007fe30c1fcf40:   00007fe30c1fcf90 00007fe32aa2c0d5
0x00007fe30c1fcf50:   0000000000000000 00007fe30c1fcfd0
0x00007fe30c1fcf60:   00007fe30c1fd020 00007fe2d8056f30 

Instructions: (pc=0x00007fe32a3503d7)
0x00007fe32a3502d7:   48 8b 07 ff 50 68 83 e8 06 83 f8 01 76 27 48 8b
0x00007fe32a3502e7:   73 08 4c 01 ee 48 8b 0e e9 5d ff ff ff 0f 1f 40
0x00007fe32a3502f7:   00 4c 89 e7 e8 90 32 67 00 49 8b 44 24 10 41 8b
0x00007fe32a350307:   74 24 20 eb 98 48 8b 53 08 4e 8b 3c fa 4c 01 f2
0x00007fe32a350317:   48 8b 0a 48 85 c9 74 2f 48 8b 79 10 48 85 ff 74
0x00007fe32a350327:   26 8b 41 20 48 89 c6 48 8d 04 c7 66 0f 1f 44 00
0x00007fe32a350337:   00 48 83 e8 08 48 39 18 75 f7 83 ee 01 89 71 20
0x00007fe32a350347:   48 8b 0c f7 48 89 08 4c 89 3a 4d 85 ff 74 8f 49
0x00007fe32a350357:   8b 47 10 48 85 c0 74 86 41 8b 77 20 41 3b 77 24
0x00007fe32a350367:   74 10 8d 56 01 41 89 57 20 48 89 1c f0 e9 6c ff
0x00007fe32a350377:   ff ff 4c 89 ff e8 0f 32 67 00 49 8b 47 10 41 8b
0x00007fe32a350387:   77 20 eb de 90 0f 1f 40 00 f3 0f 1e fa 55 48 89
0x00007fe32a350397:   e5 41 55 49 89 fd 41 54 49 89 f4 44 8b 47 18 8b
0x00007fe32a3503a7:   77 1c 44 39 c6 75 1a 4d 85 e4 0f 84 cc 00 00 00
0x00007fe32a3503b7:   4c 89 e6 41 5c 41 5d 5d e9 7c 55 67 00 0f 1f 40
0x00007fe32a3503c7:   00 48 8b 47 08 44 09 c7 48 c1 e7 03 4c 8d 14 38
0x00007fe32a3503d7:   4d 8b 0a 4d 39 cc 0f 84 a0 00 00 00 4d 85 e4 0f
0x00007fe32a3503e7:   84 a4 00 00 00 44 39 c6 76 2f 41 8d 50 01 48 8d
0x00007fe32a3503f7:   0c d0 44 89 c0 4c 89 ca 90 48 85 d2 74 1b 83 c0
0x00007fe32a350407:   01 39 c6 76 14 48 8b 11 48 83 c1 08 49 39 d4 75
0x00007fe32a350417:   e8 83 f8 ff 75 73 0f 1f 00 4d 85 c9 74 39 49 8b
0x00007fe32a350427:   49 10 48 85 c9 74 30 41 8b 41 20 48 89 c2 48 8d
0x00007fe32a350437:   04 c1 0f 1f 80 00 00 00 00 48 83 e8 08 4c 3b 28
0x00007fe32a350447:   75 f7 83 ea 01 41 89 51 20 48 8b 14 d1 48 89 10
0x00007fe32a350457:   49 03 7d 08 49 89 fa 4d 89 22 49 8b 44 24 10 48
0x00007fe32a350467:   85 c0 74 18 41 8b 74 24 20 41 3b 74 24 24 74 29
0x00007fe32a350477:   8d 56 01 41 89 54 24 20 4c 89 2c f0 41 5c 41 5d
0x00007fe32a350487:   5d c3 0f 1f 80 00 00 00 00 41 5c 4c 89 ef 44 89
0x00007fe32a350497:   c6 41 5d 5d e9 50 55 67 00 4c 89 e7 e8 e8 30 67
0x00007fe32a3504a7:   00 49 8b 44 24 10 41 8b 74 24 20 eb c3 66 66 2e
0x00007fe32a3504b7:   0f 1f 84 00 00 00 00 00 90 f3 0f 1e fa 8b 47 18
0x00007fe32a3504c7:   39 47 1c 74 0c 48 8b 57 08 48 8b 04 c2 c3 0f 1f 


Stack slot to memory mapping:
stack at sp + 0 slots: 0x00007fe2d8056f50 points into unknown readable memory: 0x00007fe2d804d170 | 70 d1 04 d8 e2 7f 00 00
stack at sp + 1 slots: 0x0 is NULL
stack at sp + 2 slots: 0x00007fe30c1fcf90 is pointing into the stack for thread: 0x00007fe324184000
stack at sp + 3 slots: 0x00007fe32aa2c0d5: <offset 0x0000000000c2c0d5> in /usr/lib/jvm/java-11-openjdk-amd64/lib/server/libjvm.so at 0x00007fe329e00000
stack at sp + 4 slots: 0x0 is NULL
stack at sp + 5 slots: 0x00007fe30c1fcfd0 is pointing into the stack for thread: 0x00007fe324184000
stack at sp + 6 slots: 0x00007fe30c1fd020 is pointing into the stack for thread: 0x00007fe324184000
stack at sp + 7 slots: 0x00007fe2d8056f30 points into unknown readable memory: 0x00007fe32af83e60 | 60 3e f8 2a e3 7f 00 00


---------------  P R O C E S S  ---------------

Threads class SMR info:
_java_thread_list=0x00007fe3241b7be0, length=9, elements={
0x00007fe324017000, 0x00007fe324178000, 0x00007fe32417a000, 0x00007fe32417f800,
0x00007fe324181800, 0x00007fe324184000, 0x00007fe324186000, 0x00007fe324188000,
0x00007fe3241b6800
}

Java Threads: ( => current thread )
  0x00007fe324017000 JavaThread "main" [_thread_in_Java, id=20080, stack(0x00007fe32b0e0000,0x00007fe32b1e0000)]
  0x00007fe324178000 JavaThread "Reference Handler" daemon [_thread_blocked, id=20087, stack(0x00007fe30c500000,0x00007fe30c600000)]
  0x00007fe32417a000 JavaThread "Finalizer" daemon [_thread_blocked, id=20088, stack(0x00007fe30c400000,0x00007fe30c500000)]
  0x00007fe32417f800 JavaThread "Signal Dispatcher" daemon [_thread_blocked, id=20089, stack(0x00007fe30c300000,0x00007fe30c400000)]
  0x00007fe324181800 JavaThread "Service Thread" daemon [_thread_blocked, id=20090, stack(0x00007fe30c200000,0x00007fe30c300000)]
=>0x00007fe324184000 JavaThread "C2 CompilerThread0" daemon [_thread_in_native, id=20091, stack(0x00007fe30c100000,0x00007fe30c200000)]
  0x00007fe324186000 JavaThread "C1 CompilerThread0" daemon [_thread_in_vm, id=20092, stack(0x00007fe30c000000,0x00007fe30c100000)]
  0x00007fe324188000 JavaThread "Sweeper thread" daemon [_thread_blocked, id=20093, stack(0x00007fe3041a0000,0x00007fe3042a0000)]
  0x00007fe3241b6800 JavaThread "Common-Cleaner" daemon [_thread_blocked, id=20094, stack(0x00007fe3040a0000,0x00007fe3041a0000)]

Other Threads:
  0x00007fe324175800 VMThread "VM Thread" [stack: 0x00007fe323f00000,0x00007fe324000000] [id=20086]
  0x00007fe324030000 GCTaskThread "GC Thread#0" [stack: 0x00007fe329815000,0x00007fe329915000] [id=20081]
  0x00007fe324061000 ConcurrentGCThread "G1 Main Marker" [stack: 0x00007fe32878e000,0x00007fe32888e000] [id=20082]
  0x00007fe324063000 ConcurrentGCThread "G1 Conc#0" [stack: 0x00007fe32868d000,0x00007fe32878d000] [id=20083]
  0x00007fe3240db000 ConcurrentGCThread "G1 Refine#0" [stack: 0x00007fe328188000,0x00007fe328288000] [id=20084]
  0x00007fe3240dd000 ConcurrentGCThread "G1 Young RemSet Sampling" [stack: 0x00007fe328087000,0x00007fe328187000] [id=20085]

Threads with active compile tasks:
C2 CompilerThread0      191  112       4       java.util.HashMap::afterNodeInsertion (1 bytes)
C1 CompilerThread0      191  132       3       java.util.Optional::ofNullable (15 bytes)

VM state:not at safepoint (normal execution)

VM Mutex/Monitor currently owned by a thread: None

Heap address: 0x0000000085400000, size: 1964 MB, Compressed Oops mode: 32-bit
Narrow klass base: 0x0000000800000000, Narrow klass shift: 3
Compressed class space size: 1073741824 Address: 0x0000000840000000

Heap:
 garbage-first heap   total 129024K, used 1744K [0x0000000085400000, 0x0000000100000000)
  region size 1024K, 2 young (2048K), 0 survivors (0K)
 Metaspace       used 335K, capacity 4515K, committed 4864K, reserved 1056768K
  class space    used 29K, capacity 398K, committed 512K, reserved 1048576K
Heap Regions: E=young(eden), S=young(survivor), O=old, HS=humongous(starts), HC=humongous(continues), CS=collection set, F=free, A=archive, TAMS=top-at-mark-start (previous, next)
|   0|0x0000000085400000, 0x0000000085400000, 0x0000000085500000|  0%| F|  |TAMS 0x0000000085400000, 0x0000000085400000| Untracked 
|   1|0x0000000085500000, 0x0000000085500000, 0x0000000085600000|  0%| F|  |TAMS 0x0000000085500000, 0x0000000085500000| Untracked 
|   2|0x0000000085600000, 0x0000000085600000, 0x0000000085700000|  0%| F|  |TAMS 0x0000000085600000, 0x0000000085600000| Untracked 
|   3|0x0000000085700000, 0x0000000085700000, 0x0000000085800000|  0%| F|  |TAMS 0x0000000085700000, 0x0000000085700000| Untracked 
|   4|0x0000000085800000, 0x0000000085800000, 0x0000000085900000|  0%| F|  |TAMS 0x0000000085800000, 0x0000000085800000| Untracked 
|   5|0x0000000085900000, 0x0000000085900000, 0x0000000085a00000|  0%| F|  |TAMS 0x0000000085900000, 0x0000000085900000| Untracked 
|   6|0x0000000085a00000, 0x0000000085a00000, 0x0000000085b00000|  0%| F|  |TAMS 0x0000000085a00000, 0x0000000085a00000| Untracked 
|   7|0x0000000085b00000, 0x0000000085b00000, 0x0000000085c00000|  0%| F|  |TAMS 0x0000000085b00000, 0x0000000085b00000| Untracked 
|   8|0x0000000085c00000, 0x0000000085c00000, 0x0000000085d00000|  0%| F|  |TAMS 0x0000000085c00000, 0x0000000085c00000| Untracked 
|   9|0x0000000085d00000, 0x0000000085d00000, 0x0000000085e00000|  0%| F|  |TAMS 0x0000000085d00000, 0x0000000085d00000| Untracked 
|  10|0x0000000085e00000, 0x0000000085e00000, 0x0000000085f00000|  0%| F|  |TAMS 0x0000000085e00000, 0x0000000085e00000| Untracked 
|  11|0x0000000085f00000, 0x0000000085f00000, 0x0000000086000000|  0%| F|  |TAMS 0x0000000085f00000, 0x0000000085f00000| Untracked 
|  12|0x0000000086000000, 0x0000000086000000, 0x0000000086100000|  0%| F|  |TAMS 0x0000000086000000, 0x0000000086000000| Untracked 
|  13|0x0000000086100000, 0x0000000086100000, 0x0000000086200000|  0%| F|  |TAMS 0x0000000086100000, 0x0000000086100000| Untracked 
|  14|0x0000000086200000, 0x0000000086200000, 0x0000000086300000|  0%| F|  |TAMS 0x0000000086200000, 0x0000000086200000| Untracked 
|  15|0x0000000086300000, 0x0000000086300000, 0x0000000086400000|  0%| F|  |TAMS 0x0000000086300000, 0x0000000086300000| Untracked 
|  16|0x0000000086400000, 0x0000000086400000, 0x0000000086500000|  0%| F|  |TAMS 0x0000000086400000, 0x0000000086400000| Untracked 
|  17|0x0000000086500000, 0x0000000086500000, 0x0000000086600000|  0%| F|  |TAMS 0x0000000086500000, 0x0000000086500000| Untracked 
|  18|0x0000000086600000, 0x0000000086600000, 0x0000000086700000|  0%| F|  |TAMS 0x0000000086600000, 0x0000000086600000| Untracked 
|  19|0x0000000086700000, 0x0000000086700000, 0x0000000086800000|  0%| F|  |TAMS 0x0000000086700000, 0x0000000086700000| Untracked 
|  20|0x0000000086800000, 0x0000000086800000, 0x0000000086900000|  0%| F|  |TAMS 0x0000000086800000, 0x0000000086800000| Untracked 
|  21|0x0000000086900000, 0x0000000086900000, 0x0000000086a00000|  0%| F|  |TAMS 0x0000000086900000, 0x0000000086900000| Untracked 
|  22|0x0000000086a00000, 0x0000000086a00000, 0x0000000086b00000|  0%| F|  |TAMS 0x0000000086a00000, 0x0000000086a00000| Untracked 
|  23|0x0000000086b00000, 0x0000000086b00000, 0x0000000086c00000|  0%| F|  |TAMS 0x0000000086b00000, 0x0000000086b00000| Untracked 
|  24|0x0000000086c00000, 0x0000000086c00000, 0x0000000086d00000|  0%| F|  |TAMS 0x0000000086c00000, 0x0000000086c00000| Untracked 
|  25|0x0000000086d00000, 0x0000000086d00000, 0x0000000086e00000|  0%| F|  |TAMS 0x0000000086d00000, 0x0000000086d00000| Untracked 
|  26|0x0000000086e00000, 0x0000000086e00000, 0x0000000086f00000|  0%| F|  |TAMS 0x0000000086e00000, 0x0000000086e00000| Untracked 
|  27|0x0000000086f00000, 0x0000000086f00000, 0x0000000087000000|  0%| F|  |TAMS 0x0000000086f00000, 0x0000000086f00000| Untracked 
|  28|0x0000000087000000, 0x0000000087000000, 0x0000000087100000|  0%| F|  |TAMS 0x0000000087000000, 0x0000000087000000| Untracked 
|  29|0x0000000087100000, 0x0000000087100000, 0x0000000087200000|  0%| F|  |TAMS 0x0000000087100000, 0x0000000087100000| Untracked 
|  30|0x0000000087200000, 0x0000000087200000, 0x0000000087300000|  0%| F|  |TAMS 0x0000000087200000, 0x0000000087200000| Untracked 
|  31|0x0000000087300000, 0x0000000087300000, 0x0000000087400000|  0%| F|  |TAMS 0x0000000087300000, 0x0000000087300000| Untracked 
|  32|0x0000000087400000, 0x0000000087400000, 0x0000000087500000|  0%| F|  |TAMS 0x0000000087400000, 0x0000000087400000| Untracked 
|  33|0x0000000087500000, 0x0000000087500000, 0x0000000087600000|  0%| F|  |TAMS 0x0000000087500000, 0x0000000087500000| Untracked 
|  34|0x0000000087600000, 0x0000000087600000, 0x0000000087700000|  0%| F|  |TAMS 0x0000000087600000, 0x0000000087600000| Untracked 
|  35|0x0000000087700000, 0x0000000087700000, 0x0000000087800000|  0%| F|  |TAMS 0x0000000087700000, 0x0000000087700000| Untracked 
|  36|0x0000000087800000, 0x0000000087800000, 0x0000000087900000|  0%| F|  |TAMS 0x0000000087800000, 0x0000000087800000| Untracked 
|  37|0x0000000087900000, 0x0000000087900000, 0x0000000087a00000|  0%| F|  |TAMS 0x0000000087900000, 0x0000000087900000| Untracked 
|  38|0x0000000087a00000, 0x0000000087a00000, 0x0000000087b00000|  0%| F|  |TAMS 0x0000000087a00000, 0x0000000087a00000| Untracked 
|  39|0x0000000087b00000, 0x0000000087b00000, 0x0000000087c00000|  0%| F|  |TAMS 0x0000000087b00000, 0x0000000087b00000| Untracked 
|  40|0x0000000087c00000, 0x0000000087c00000, 0x0000000087d00000|  0%| F|  |TAMS 0x0000000087c00000, 0x0000000087c00000| Untracked 
|  41|0x0000000087d00000, 0x0000000087d00000, 0x0000000087e00000|  0%| F|  |TAMS 0x0000000087d00000, 0x0000000087d00000| Untracked 
|  42|0x0000000087e00000, 0x0000000087e00000, 0x0000000087f00000|  0%| F|  |TAMS 0x0000000087e00000, 0x0000000087e00000| Untracked 
|  43|0x0000000087f00000, 0x0000000087f00000, 0x0000000088000000|  0%| F|  |TAMS 0x0000000087f00000, 0x0000000087f00000| Untracked 
|  44|0x0000000088000000, 0x0000000088000000, 0x0000000088100000|  0%| F|  |TAMS 0x0000000088000000, 0x0000000088000000| Untracked 
|  45|0x0000000088100000, 0x0000000088100000, 0x0000000088200000|  0%| F|  |TAMS 0x0000000088100000, 0x0000000088100000| Untracked 
|  46|0x0000000088200000, 0x0000000088200000, 0x0000000088300000|  0%| F|  |TAMS 0x0000000088200000, 0x0000000088200000| Untracked 
|  47|0x0000000088300000, 0x0000000088300000, 0x0000000088400000|  0%| F|  |TAMS 0x0000000088300000, 0x0000000088300000| Untracked 
|  48|0x0000000088400000, 0x0000000088400000, 0x0000000088500000|  0%| F|  |TAMS 0x0000000088400000, 0x0000000088400000| Untracked 
|  49|0x0000000088500000, 0x0000000088500000, 0x0000000088600000|  0%| F|  |TAMS 0x0000000088500000, 0x0000000088500000| Untracked 
|  50|0x0000000088600000, 0x0000000088600000, 0x0000000088700000|  0%| F|  |TAMS 0x0000000088600000, 0x0000000088600000| Untracked 
|  51|0x0000000088700000, 0x0000000088700000, 0x0000000088800000|  0%| F|  |TAMS 0x0000000088700000, 0x0000000088700000| Untracked 
|  52|0x0000000088800000, 0x0000000088800000, 0x0000000088900000|  0%| F|  |TAMS 0x0000000088800000, 0x0000000088800000| Untracked 
|  53|0x0000000088900000, 0x0000000088900000, 0x0000000088a00000|  0%| F|  |TAMS 0x0000000088900000, 0x0000000088900000| Untracked 
|  54|0x0000000088a00000, 0x0000000088a00000, 0x0000000088b00000|  0%| F|  |TAMS 0x0000000088a00000, 0x0000000088a00000| Untracked 
|  55|0x0000000088b00000, 0x0000000088b00000, 0x0000000088c00000|  0%| F|  |TAMS 0x0000000088b00000, 0x0000000088b00000| Untracked 
|  56|0x0000000088c00000, 0x0000000088c00000, 0x0000000088d00000|  0%| F|  |TAMS 0x0000000088c00000, 0x0000000088c00000| Untracked 
|  57|0x0000000088d00000, 0x0000000088d00000, 0x0000000088e00000|  0%| F|  |TAMS 0x0000000088d00000, 0x0000000088d00000| Untracked 
|  58|0x0000000088e00000, 0x0000000088e00000, 0x0000000088f00000|  0%| F|  |TAMS 0x0000000088e00000, 0x0000000088e00000| Untracked 
|  59|0x0000000088f00000, 0x0000000088f00000, 0x0000000089000000|  0%| F|  |TAMS 0x0000000088f00000, 0x0000000088f00000| Untracked 
|  60|0x0000000089000000, 0x0000000089000000, 0x0000000089100000|  0%| F|  |TAMS 0x0000000089000000, 0x0000000089000000| Untracked 
|  61|0x0000000089100000, 0x0000000089100000, 0x0000000089200000|  0%| F|  |TAMS 0x0000000089100000, 0x0000000089100000| Untracked 
|  62|0x0000000089200000, 0x0000000089200000, 0x0000000089300000|  0%| F|  |TAMS 0x0000000089200000, 0x0000000089200000| Untracked 
|  63|0x0000000089300000, 0x0000000089300000, 0x0000000089400000|  0%| F|  |TAMS 0x0000000089300000, 0x0000000089300000| Untracked 
|  64|0x0000000089400000, 0x0000000089400000, 0x0000000089500000|  0%| F|  |TAMS 0x0000000089400000, 0x0000000089400000| Untracked 
|  65|0x0000000089500000, 0x0000000089500000, 0x0000000089600000|  0%| F|  |TAMS 0x0000000089500000, 0x0000000089500000| Untracked 
|  66|0x0000000089600000, 0x0000000089600000, 0x0000000089700000|  0%| F|  |TAMS 0x0000000089600000, 0x0000000089600000| Untracked 
|  67|0x0000000089700000, 0x0000000089700000, 0x0000000089800000|  0%| F|  |TAMS 0x0000000089700000, 0x0000000089700000| Untracked 
|  68|0x0000000089800000, 0x0000000089800000, 0x0000000089900000|  0%| F|  |TAMS 0x0000000089800000, 0x0000000089800000| Untracked 
|  69|0x0000000089900000, 0x0000000089900000, 0x0000000089a00000|  0%| F|  |TAMS 0x0000000089900000, 0x0000000089900000| Untracked 
|  70|0x0000000089a00000, 0x0000000089a00000, 0x0000000089b00000|  0%| F|  |TAMS 0x0000000089a00000, 0x0000000089a00000| Untracked 
|  71|0x0000000089b00000, 0x0000000089b00000, 0x0000000089c00000|  0%| F|  |TAMS 0x0000000089b00000, 0x0000000089b00000| Untracked 
|  72|0x0000000089c00000, 0x0000000089c00000, 0x0000000089d00000|  0%| F|  |TAMS 0x0000000089c00000, 0x0000000089c00000| Untracked 
|  73|0x0000000089d00000, 0x0000000089d00000, 0x0000000089e00000|  0%| F|  |TAMS 0x0000000089d00000, 0x0000000089d00000| Untracked 
|  74|0x0000000089e00000, 0x0000000089e00000, 0x0000000089f00000|  0%| F|  |TAMS 0x0000000089e00000, 0x0000000089e00000| Untracked 
|  75|0x0000000089f00000, 0x0000000089f00000, 0x000000008a000000|  0%| F|  |TAMS 0x0000000089f00000, 0x0000000089f00000| Untracked 
|  76|0x000000008a000000, 0x000000008a000000, 0x000000008a100000|  0%| F|  |TAMS 0x000000008a000000, 0x000000008a000000| Untracked 
|  77|0x000000008a100000, 0x000000008a100000, 0x000000008a200000|  0%| F|  |TAMS 0x000000008a100000, 0x000000008a100000| Untracked 
|  78|0x000000008a200000, 0x000000008a200000, 0x000000008a300000|  0%| F|  |TAMS 0x000000008a200000, 0x000000008a200000| Untracked 
|  79|0x000000008a300000, 0x000000008a300000, 0x000000008a400000|  0%| F|  |TAMS 0x000000008a300000, 0x000000008a300000| Untracked 
|  80|0x000000008a400000, 0x000000008a400000, 0x000000008a500000|  0%| F|  |TAMS 0x000000008a400000, 0x000000008a400000| Untracked 
|  81|0x000000008a500000, 0x000000008a500000, 0x000000008a600000|  0%| F|  |TAMS 0x000000008a500000, 0x000000008a500000| Untracked 
|  82|0x000000008a600000, 0x000000008a600000, 0x000000008a700000|  0%| F|  |TAMS 0x000000008a600000, 0x000000008a600000| Untracked 
|  83|0x000000008a700000, 0x000000008a700000, 0x000000008a800000|  0%| F|  |TAMS 0x000000008a700000, 0x000000008a700000| Untracked 
|  84|0x000000008a800000, 0x000000008a800000, 0x000000008a900000|  0%| F|  |TAMS 0x000000008a800000, 0x000000008a800000| Untracked 
|  85|0x000000008a900000, 0x000000008a900000, 0x000000008aa00000|  0%| F|  |TAMS 0x000000008a900000, 0x000000008a900000| Untracked 
|  86|0x000000008aa00000, 0x000000008aa00000, 0x000000008ab00000|  0%| F|  |TAMS 0x000000008aa00000, 0x000000008aa00000| Untracked 
|  87|0x000000008ab00000, 0x000000008ab00000, 0x000000008ac00000|  0%| F|  |TAMS 0x000000008ab00000, 0x000000008ab00000| Untracked 
|  88|0x000000008ac00000, 0x000000008ac00000, 0x000000008ad00000|  0%| F|  |TAMS 0x000000008ac00000, 0x000000008ac00000| Untracked 
|  89|0x000000008ad00000, 0x000000008ad00000, 0x000000008ae00000|  0%| F|  |TAMS 0x000000008ad00000, 0x000000008ad00000| Untracked 
|  90|0x000000008ae00000, 0x000000008ae00000, 0x000000008af00000|  0%| F|  |TAMS 0x000000008ae00000, 0x000000008ae00000| Untracked 
|  91|0x000000008af00000, 0x000000008af00000, 0x000000008b000000|  0%| F|  |TAMS 0x000000008af00000, 0x000000008af00000| Untracked 
|  92|0x000000008b000000, 0x000000008b000000, 0x000000008b100000|  0%| F|  |TAMS 0x000000008b000000, 0x000000008b000000| Untracked 
|  93|0x000000008b100000, 0x000000008b100000, 0x000000008b200000|  0%| F|  |TAMS 0x000000008b100000, 0x000000008b100000| Untracked 
|  94|0x000000008b200000, 0x000000008b200000, 0x000000008b300000|  0%| F|  |TAMS 0x000000008b200000, 0x000000008b200000| Untracked 
|  95|0x000000008b300000, 0x000000008b300000, 0x000000008b400000|  0%| F|  |TAMS 0x000000008b300000, 0x000000008b300000| Untracked 
|  96|0x000000008b400000, 0x000000008b400000, 0x000000008b500000|  0%| F|  |TAMS 0x000000008b400000, 0x000000008b400000| Untracked 
|  97|0x000000008b500000, 0x000000008b500000, 0x000000008b600000|  0%| F|  |TAMS 0x000000008b500000, 0x000000008b500000| Untracked 
|  98|0x000000008b600000, 0x000000008b600000, 0x000000008b700000|  0%| F|  |TAMS 0x000000008b600000, 0x000000008b600000| Untracked 
|  99|0x000000008b700000, 0x000000008b700000, 0x000000008b800000|  0%| F|  |TAMS 0x000000008b700000, 0x000000008b700000| Untracked 
| 100|0x000000008b800000, 0x000000008b800000, 0x000000008b900000|  0%| F|  |TAMS 0x000000008b800000, 0x000000008b800000| Untracked 
| 101|0x000000008b900000, 0x000000008b900000, 0x000000008ba00000|  0%| F|  |TAMS 0x000000008b900000, 0x000000008b900000| Untracked 
| 102|0x000000008ba00000, 0x000000008ba00000, 0x000000008bb00000|  0%| F|  |TAMS 0x000000008ba00000, 0x000000008ba00000| Untracked 
| 103|0x000000008bb00000, 0x000000008bb00000, 0x000000008bc00000|  0%| F|  |TAMS 0x000000008bb00000, 0x000000008bb00000| Untracked 
| 104|0x000000008bc00000, 0x000000008bc00000, 0x000000008bd00000|  0%| F|  |TAMS 0x000000008bc00000, 0x000000008bc00000| Untracked 
| 105|0x000000008bd00000, 0x000000008bd00000, 0x000000008be00000|  0%| F|  |TAMS 0x000000008bd00000, 0x000000008bd00000| Untracked 
| 106|0x000000008be00000, 0x000000008be00000, 0x000000008bf00000|  0%| F|  |TAMS 0x000000008be00000, 0x000000008be00000| Untracked 
| 107|0x000000008bf00000, 0x000000008bf00000, 0x000000008c000000|  0%| F|  |TAMS 0x000000008bf00000, 0x000000008bf00000| Untracked 
| 108|0x000000008c000000, 0x000000008c000000, 0x000000008c100000|  0%| F|  |TAMS 0x000000008c000000, 0x000000008c000000| Untracked 
| 109|0x000000008c100000, 0x000000008c100000, 0x000000008c200000|  0%| F|  |TAMS 0x000000008c100000, 0x000000008c100000| Untracked 
| 110|0x000000008c200000, 0x000000008c200000, 0x000000008c300000|  0%| F|  |TAMS 0x000000008c200000, 0x000000008c200000| Untracked 
| 111|0x000000008c300000, 0x000000008c300000, 0x000000008c400000|  0%| F|  |TAMS 0x000000008c300000, 0x000000008c300000| Untracked 
| 112|0x000000008c400000, 0x000000008c400000, 0x000000008c500000|  0%| F|  |TAMS 0x000000008c400000, 0x000000008c400000| Untracked 
| 113|0x000000008c500000, 0x000000008c500000, 0x000000008c600000|  0%| F|  |TAMS 0x000000008c500000, 0x000000008c500000| Untracked 
| 114|0x000000008c600000, 0x000000008c600000, 0x000000008c700000|  0%| F|  |TAMS 0x000000008c600000, 0x000000008c600000| Untracked 
| 115|0x000000008c700000, 0x000000008c700000, 0x000000008c800000|  0%| F|  |TAMS 0x000000008c700000, 0x000000008c700000| Untracked 
| 116|0x000000008c800000, 0x000000008c800000, 0x000000008c900000|  0%| F|  |TAMS 0x000000008c800000, 0x000000008c800000| Untracked 
| 117|0x000000008c900000, 0x000000008c900000, 0x000000008ca00000|  0%| F|  |TAMS 0x000000008c900000, 0x000000008c900000| Untracked 
| 118|0x000000008ca00000, 0x000000008ca00000, 0x000000008cb00000|  0%| F|  |TAMS 0x000000008ca00000, 0x000000008ca00000| Untracked 
| 119|0x000000008cb00000, 0x000000008cb00000, 0x000000008cc00000|  0%| F|  |TAMS 0x000000008cb00000, 0x000000008cb00000| Untracked 
| 120|0x000000008cc00000, 0x000000008cc00000, 0x000000008cd00000|  0%| F|  |TAMS 0x000000008cc00000, 0x000000008cc00000| Untracked 
| 121|0x000000008cd00000, 0x000000008cd00000, 0x000000008ce00000|  0%| F|  |TAMS 0x000000008cd00000, 0x000000008cd00000| Untracked 
| 122|0x000000008ce00000, 0x000000008ce8fe60, 0x000000008cf00000| 56%| E|  |TAMS 0x000000008ce00000, 0x000000008ce00000| Complete 
| 123|0x000000008cf00000, 0x000000008d000000, 0x000000008d000000|100%| E|CS|TAMS 0x000000008cf00000, 0x000000008cf00000| Complete 
|1962|0x00000000ffe00000, 0x00000000ffe48000, 0x00000000fff00000| 28%|OA|  |TAMS 0x00000000ffe00000, 0x00000000ffe00000| Untracked 
|1963|0x00000000fff00000, 0x00000000fff6c000, 0x0000000100000000| 42%|CA|  |TAMS 0x00000000fff00000, 0x00000000fff00000| Untracked 

Card table byte_map: [0x00007fe328c64000,0x00007fe32903a000] _byte_map_base: 0x00007fe32883a000

Marking Bits (Prev, Next): (CMBitMap*) 0x00007fe3240588a8, (CMBitMap*) 0x00007fe3240588e0
 Prev Bits: [0x00007fe306150000, 0x00007fe308000000)
 Next Bits: [0x00007fe3042a0000, 0x00007fe306150000)

Polling page: 0x00007fe32b55c000

Metaspace:

Usage:
  Non-class:      4,02 MB capacity,   310,49 KB (  8%) used,     3,72 MB ( 92%) free+waste,     1,38 KB ( <1%) overhead. 
      Class:    398,00 KB capacity,    29,34 KB (  7%) used,   367,72 KB ( 92%) free+waste,   960 bytes ( <1%) overhead. 
       Both:      4,41 MB capacity,   339,84 KB (  8%) used,     4,08 MB ( 92%) free+waste,     2,31 KB ( <1%) overhead. 

Virtual space:
  Non-class space:        8,00 MB reserved,       4,25 MB ( 53%) committed 
      Class space:        1,00 GB reserved,     512,00 KB ( <1%) committed 
             Both:        1,01 GB reserved,       4,75 MB ( <1%) committed 

Chunk freelists:
   Non-Class:  0 bytes
       Class:  0 bytes
        Both:  0 bytes

MaxMetaspaceSize: unlimited
CompressedClassSpaceSize: 1,00 GB
Initial GC threshold: 20,80 MB
Current GC threshold: 20,80 MB
CDS: on

CodeHeap 'non-profiled nmethods': size=120032Kb used=37Kb max_used=37Kb free=119994Kb
 bounds [0x00007fe3140c8000, 0x00007fe314338000, 0x00007fe31b600000]
CodeHeap 'profiled nmethods': size=120032Kb used=166Kb max_used=166Kb free=119865Kb
 bounds [0x00007fe30cb90000, 0x00007fe30ce00000, 0x00007fe3140c8000]
CodeHeap 'non-nmethods': size=5696Kb used=1051Kb max_used=1051Kb free=4644Kb
 bounds [0x00007fe30c600000, 0x00007fe30c870000, 0x00007fe30cb90000]
 total_blobs=417 nmethods=135 adapters=196
 compilation: enabled
              stopped_count=0, restarted_count=0
 full_count=0

Compilation events (20 events):
Event: 0,172 Thread 0x00007fe324186000   98       3       java.lang.module.ModuleDescriptor::hashCode (170 bytes)
Event: 0,173 Thread 0x00007fe324186000 nmethod 98 0x00007fe30cbae010 code [0x00007fe30cbae2c0, 0x00007fe30cbaefc0]
Event: 0,173 Thread 0x00007fe324186000   99       3       java.util.HashMap::get (23 bytes)
Event: 0,173 Thread 0x00007fe324186000 nmethod 99 0x00007fe30cbaf390 code [0x00007fe30cbaf580, 0x00007fe30cbaf8d0]
Event: 0,174 Thread 0x00007fe324186000  100       3       java.util.HashMap::containsKey (18 bytes)
Event: 0,174 Thread 0x00007fe324186000 nmethod 100 0x00007fe30cbafa10 code [0x00007fe30cbafbe0, 0x00007fe30cbaff30]
Event: 0,174 Thread 0x00007fe324186000  101       1       java.lang.module.ModuleDescriptor::requires (5 bytes)
Event: 0,174 Thread 0x00007fe324186000 nmethod 101 0x00007fe3140ceb10 code [0x00007fe3140cecc0, 0x00007fe3140ced90]
Event: 0,174 Thread 0x00007fe324186000  102       3       jdk.internal.module.ModuleReferenceImpl::hashCode (56 bytes)
Event: 0,174 Thread 0x00007fe324186000 nmethod 102 0x00007fe30cbb0090 code [0x00007fe30cbb0280, 0x00007fe30cbb0700]
Event: 0,174 Thread 0x00007fe324186000  106       3       java.util.HashMap$HashIterator::<init> (79 bytes)
Event: 0,175 Thread 0x00007fe324186000 nmethod 106 0x00007fe30cbb0890 code [0x00007fe30cbb0a60, 0x00007fe30cbb0e90]
Event: 0,175 Thread 0x00007fe324186000  104       3       java.lang.module.ResolvedModule::hashCode (16 bytes)
Event: 0,175 Thread 0x00007fe324186000 nmethod 104 0x00007fe30cbb1010 code [0x00007fe30cbb11e0, 0x00007fe30cbb14b0]
Event: 0,175 Thread 0x00007fe324186000  108       3       java.util.AbstractCollection::isEmpty (13 bytes)
Event: 0,175 Thread 0x00007fe324186000 nmethod 108 0x00007fe30cbb1590 code [0x00007fe30cbb1740, 0x00007fe30cbb1980]
Event: 0,175 Thread 0x00007fe324186000  110       1       java.lang.module.ModuleDescriptor$Exports::source (5 bytes)
Event: 0,175 Thread 0x00007fe324186000 nmethod 110 0x00007fe3140cee10 code [0x00007fe3140cefc0, 0x00007fe3140cf090]
Event: 0,175 Thread 0x00007fe324186000  111       3       java.lang.module.ModuleDescriptor$Exports::isQualified (18 bytes)
Event: 0,175 Thread 0x00007fe324184000  112       4       java.util.HashMap::afterNodeInsertion (1 bytes)

GC Heap History (0 events):
No events

Deoptimization events (0 events):
No events

Classes redefined (0 events):
No events

Internal exceptions (0 events):
No events

Events (20 events):
Event: 0,092 loading class java/util/Spliterators$IteratorSpliterator
Event: 0,092 loading class java/util/Spliterators$IteratorSpliterator done
Event: 0,102 loading class java/lang/Module$ReflectionData
Event: 0,102 loading class java/lang/Module$ReflectionData done
Event: 0,102 loading class java/lang/WeakPairMap
Event: 0,102 loading class java/lang/WeakPairMap done
Event: 0,102 loading class java/lang/WeakPairMap$Pair
Event: 0,102 loading class java/lang/WeakPairMap$Pair done
Event: 0,102 loading class java/lang/WeakPairMap$Pair$Lookup
Event: 0,102 loading class java/lang/WeakPairMap$Pair$Lookup done
Event: 0,128 Thread 0x00007fe3241b6800 Thread added: 0x00007fe3241b6800
Event: 0,130 Protecting memory [0x00007fe3040a0000,0x00007fe3040a4000] with protection modes 0
Event: 0,138 loading class java/lang/invoke/DirectMethodHandle$Interface
Event: 0,138 loading class java/lang/invoke/DirectMethodHandle$Interface done
Event: 0,153 loading class java/lang/module/Resolver
Event: 0,153 loading class java/lang/module/Resolver done
Event: 0,153 loading class java/lang/module/ModuleFinder$1
Event: 0,153 loading class java/lang/module/ModuleFinder$1 done
Event: 0,169 loading class java/util/LinkedHashSet
Event: 0,169 loading class java/util/LinkedHashSet done


Dynamic libraries:
85400000-8d000000 rw-p 00000000 00:00 0 
8d000000-ffe00000 ---p 00000000 00:00 0 
ffe00000-ffe48000 rw-p 00b14000 08:05 1319211                            /usr/lib/jvm/java-11-openjdk-amd64/lib/server/classes.jsa
ffe48000-fff00000 rw-p 00000000 00:00 0 
fff00000-fff6c000 rw-p 00aa8000 08:05 1319211                            /usr/lib/jvm/java-11-openjdk-amd64/lib/server/classes.jsa
fff6c000-100000000 rw-p 00000000 00:00 0 
800000000-800002000 rwxp 00001000 08:05 1319211                          /usr/lib/jvm/java-11-openjdk-amd64/lib/server/classes.jsa
800002000-8003ce000 rw-p 00003000 08:05 1319211                          /usr/lib/jvm/java-11-openjdk-amd64/lib/server/classes.jsa
8003ce000-800aa6000 r--p 003cf000 08:05 1319211                          /usr/lib/jvm/java-11-openjdk-amd64/lib/server/classes.jsa
800aa6000-800aa7000 rw-p 00aa7000 08:05 1319211                          /usr/lib/jvm/java-11-openjdk-amd64/lib/server/classes.jsa
840000000-840080000 rw-p 00000000 00:00 0 
840080000-880000000 ---p 00000000 00:00 0 
640210dbb000-640210dbc000 r--p 00000000 08:05 1318506                    /usr/lib/jvm/java-11-openjdk-amd64/bin/java
640210dbc000-640210dbd000 r-xp 00001000 08:05 1318506                    /usr/lib/jvm/java-11-openjdk-amd64/bin/java
640210dbd000-640210dbe000 r--p 00002000 08:05 1318506                    /usr/lib/jvm/java-11-openjdk-amd64/bin/java
640210dbe000-640210dbf000 r--p 00002000 08:05 1318506                    /usr/lib/jvm/java-11-openjdk-amd64/bin/java
640210dbf000-640210dc0000 rw-p 00003000 08:05 1318506                    /usr/lib/jvm/java-11-openjdk-amd64/bin/java
640210fdb000-640210ffc000 rw-p 00000000 00:00 0                          [heap]
7fe2cc000000-7fe2cc021000 rw-p 00000000 00:00 0 
7fe2cc021000-7fe2d0000000 ---p 00000000 00:00 0 
7fe2d0000000-7fe2d0021000 rw-p 00000000 00:00 0 
7fe2d0021000-7fe2d4000000 ---p 00000000 00:00 0 
7fe2d4000000-7fe2d405e000 rw-p 00000000 00:00 0 
7fe2d405e000-7fe2d8000000 ---p 00000000 00:00 0 
7fe2d8000000-7fe2d807f000 rw-p 00000000 00:00 0 
7fe2d807f000-7fe2dc000000 ---p 00000000 00:00 0 
7fe2dc000000-7fe2dc021000 rw-p 00000000 00:00 0 
7fe2dc021000-7fe2e0000000 ---p 00000000 00:00 0 
7fe2e0000000-7fe2e0021000 rw-p 00000000 00:00 0 
7fe2e0021000-7fe2e4000000 ---p 00000000 00:00 0 
7fe2e4000000-7fe2e4021000 rw-p 00000000 00:00 0 
7fe2e4021000-7fe2e8000000 ---p 00000000 00:00 0 
7fe2e8000000-7fe2e8021000 rw-p 00000000 00:00 0 
7fe2e8021000-7fe2ec000000 ---p 00000000 00:00 0 
7fe2ec000000-7fe2ec021000 rw-p 00000000 00:00 0 
7fe2ec021000-7fe2f0000000 ---p 00000000 00:00 0 
7fe2f0000000-7fe2f0021000 rw-p 00000000 00:00 0 
7fe2f0021000-7fe2f4000000 ---p 00000000 00:00 0 
7fe2f4000000-7fe2f4021000 rw-p 00000000 00:00 0 
7fe2f4021000-7fe2f8000000 ---p 00000000 00:00 0 
7fe2f8000000-7fe2f8021000 rw-p 00000000 00:00 0 
7fe2f8021000-7fe2fc000000 ---p 00000000 00:00 0 
7fe2fce4c000-7fe2fd200000 rw-p 00000000 00:00 0 
7fe2fd200000-7fe2fd774000 r--p 00000000 08:05 526775                     /usr/lib/locale/locale-archive
7fe2fd800000-7fe2fdc40000 rw-p 00000000 00:00 0 
7fe2fdc40000-7fe2fe000000 ---p 00000000 00:00 0 
7fe2fe000000-7fe300000000 rw-p 00000000 00:00 0 
7fe300000000-7fe300021000 rw-p 00000000 00:00 0 
7fe300021000-7fe304000000 ---p 00000000 00:00 0 
7fe3040a0000-7fe3040a4000 ---p 00000000 00:00 0 
7fe3040a4000-7fe3041a0000 rw-p 00000000 00:00 0 
7fe3041a0000-7fe3041a4000 ---p 00000000 00:00 0 
7fe3041a4000-7fe304490000 rw-p 00000000 00:00 0 
7fe304490000-7fe306148000 ---p 00000000 00:00 0 
7fe306148000-7fe306340000 rw-p 00000000 00:00 0 
7fe306340000-7fe307ff8000 ---p 00000000 00:00 0 
7fe307ff8000-7fe308000000 rw-p 00000000 00:00 0 
7fe308000000-7fe308021000 rw-p 00000000 00:00 0 
7fe308021000-7fe30c000000 ---p 00000000 00:00 0 
7fe30c000000-7fe30c004000 ---p 00000000 00:00 0 
7fe30c004000-7fe30c100000 rw-p 00000000 00:00 0 
7fe30c100000-7fe30c104000 ---p 00000000 00:00 0 
7fe30c104000-7fe30c200000 rw-p 00000000 00:00 0 
7fe30c200000-7fe30c204000 ---p 00000000 00:00 0 
7fe30c204000-7fe30c300000 rw-p 00000000 00:00 0 
7fe30c300000-7fe30c304000 ---p 00000000 00:00 0 
7fe30c304000-7fe30c400000 rw-p 00000000 00:00 0 
7fe30c400000-7fe30c404000 ---p 00000000 00:00 0 
7fe30c404000-7fe30c500000 rw-p 00000000 00:00 0 
7fe30c500000-7fe30c504000 ---p 00000000 00:00 0 
7fe30c504000-7fe30c600000 rw-p 00000000 00:00 0 
7fe30c600000-7fe30c870000 rwxp 00000000 00:00 0 
7fe30c870000-7fe30cb90000 ---p 00000000 00:00 0 
7fe30cb90000-7fe30ce00000 rwxp 00000000 00:00 0 
7fe30ce00000-7fe3140c8000 ---p 00000000 00:00 0 
7fe3140c8000-7fe314338000 rwxp 00000000 00:00 0 
7fe314338000-7fe31b600000 ---p 00000000 00:00 0 
7fe31b600000-7fe323e25000 r--s 00000000 08:05 1318665                    /usr/lib/jvm/java-11-openjdk-amd64/lib/modules
7fe323eff000-7fe323f00000 ---p 00000000 00:00 0 
7fe323f00000-7fe324000000 rw-p 00000000 00:00 0 
7fe324000000-7fe3241e6000 rw-p 00000000 00:00 0 
7fe3241e6000-7fe328000000 ---p 00000000 00:00 0 
7fe328005000-7fe328086000 rw-p 00000000 00:00 0 
7fe328086000-7fe328087000 ---p 00000000 00:00 0 
7fe328087000-7fe328187000 rw-p 00000000 00:00 0 
7fe328187000-7fe328188000 ---p 00000000 00:00 0 
7fe328188000-7fe32868c000 rw-p 00000000 00:00 0 
7fe32868c000-7fe32868d000 ---p 00000000 00:00 0 
7fe32868d000-7fe32878d000 rw-p 00000000 00:00 0 
7fe32878d000-7fe32878e000 ---p 00000000 00:00 0 
7fe32878e000-7fe3288cc000 rw-p 00000000 00:00 0 
7fe3288cc000-7fe328c63000 ---p 00000000 00:00 0 
7fe328c63000-7fe328ca2000 rw-p 00000000 00:00 0 
7fe328ca2000-7fe329039000 ---p 00000000 00:00 0 
7fe329039000-7fe329078000 rw-p 00000000 00:00 0 
7fe329078000-7fe32940f000 ---p 00000000 00:00 0 
7fe32940f000-7fe329814000 rw-p 00000000 00:00 0 
7fe329814000-7fe329815000 ---p 00000000 00:00 0 
7fe329815000-7fe32991a000 rw-p 00000000 00:00 0 
7fe32991a000-7fe329a00000 ---p 00000000 00:00 0 
7fe329a00000-7fe329a9a000 r--p 00000000 08:05 551222                     /usr/lib/x86_64-linux-gnu/libstdc++.so.6.0.30
7fe329a9a000-7fe329bab000 r-xp 0009a000 08:05 551222                     /usr/lib/x86_64-linux-gnu/libstdc++.so.6.0.30
7fe329bab000-7fe329c1a000 r--p 001ab000 08:05 551222                     /usr/lib/x86_64-linux-gnu/libstdc++.so.6.0.30
7fe329c1a000-7fe329c1b000 ---p 0021a000 08:05 551222                     /usr/lib/x86_64-linux-gnu/libstdc++.so.6.0.30
7fe329c1b000-7fe329c26000 r--p 0021a000 08:05 551222                     /usr/lib/x86_64-linux-gnu/libstdc++.so.6.0.30
7fe329c26000-7fe329c29000 rw-p 00225000 08:05 551222                     /usr/lib/x86_64-linux-gnu/libstdc++.so.6.0.30
7fe329c29000-7fe329c2c000 rw-p 00000000 00:00 0 
7fe329c2c000-7fe329c33000 r--s 00000000 08:05 535855                     /usr/lib/x86_64-linux-gnu/gconv/gconv-modules.cache
7fe329c33000-7fe329cd5000 rw-p 00000000 00:00 0 
7fe329cd5000-7fe329dbb000 ---p 00000000 00:00 0 
7fe329dbb000-7fe329dc0000 rw-p 00000000 00:00 0 
7fe329dc0000-7fe329dc7000 ---p 00000000 00:00 0 
7fe329dc7000-7fe329dc9000 r--p 00000000 08:05 1318664                    /usr/lib/jvm/java-11-openjdk-amd64/lib/libzip.so
7fe329dc9000-7fe329dce000 r-xp 00002000 08:05 1318664                    /usr/lib/jvm/java-11-openjdk-amd64/lib/libzip.so
7fe329dce000-7fe329dd0000 r--p 00007000 08:05 1318664                    /usr/lib/jvm/java-11-openjdk-amd64/lib/libzip.so
7fe329dd0000-7fe329dd1000 r--p 00008000 08:05 1318664                    /usr/lib/jvm/java-11-openjdk-amd64/lib/libzip.so
7fe329dd1000-7fe329dd2000 rw-p 00009000 08:05 1318664                    /usr/lib/jvm/java-11-openjdk-amd64/lib/libzip.so
7fe329dd2000-7fe329de0000 r--p 00000000 08:05 1318644                    /usr/lib/jvm/java-11-openjdk-amd64/lib/libjava.so
7fe329de0000-7fe329df6000 r-xp 0000e000 08:05 1318644                    /usr/lib/jvm/java-11-openjdk-amd64/lib/libjava.so
7fe329df6000-7fe329dfd000 r--p 00024000 08:05 1318644                    /usr/lib/jvm/java-11-openjdk-amd64/lib/libjava.so
7fe329dfd000-7fe329dfe000 r--p 0002a000 08:05 1318644                    /usr/lib/jvm/java-11-openjdk-amd64/lib/libjava.so
7fe329dfe000-7fe329dff000 rw-p 0002b000 08:05 1318644                    /usr/lib/jvm/java-11-openjdk-amd64/lib/libjava.so
7fe329dff000-7fe329e00000 rw-p 00000000 00:00 0 
7fe329e00000-7fe32a082000 r--p 00000000 08:05 1318670                    /usr/lib/jvm/java-11-openjdk-amd64/lib/server/libjvm.so
7fe32a082000-7fe32ad20000 r-xp 00282000 08:05 1318670                    /usr/lib/jvm/java-11-openjdk-amd64/lib/server/libjvm.so
7fe32ad20000-7fe32af7c000 r--p 00f20000 08:05 1318670                    /usr/lib/jvm/java-11-openjdk-amd64/lib/server/libjvm.so
7fe32af7c000-7fe32b040000 r--p 0117b000 08:05 1318670                    /usr/lib/jvm/java-11-openjdk-amd64/lib/server/libjvm.so
7fe32b040000-7fe32b07b000 rw-p 0123f000 08:05 1318670                    /usr/lib/jvm/java-11-openjdk-amd64/lib/server/libjvm.so
7fe32b07b000-7fe32b0d2000 rw-p 00000000 00:00 0 
7fe32b0d2000-7fe32b0d4000 r--p 00000000 08:05 1318639                    /usr/lib/jvm/java-11-openjdk-amd64/lib/libinstrument.so
7fe32b0d4000-7fe32b0db000 r-xp 00002000 08:05 1318639                    /usr/lib/jvm/java-11-openjdk-amd64/lib/libinstrument.so
7fe32b0db000-7fe32b0de000 r--p 00009000 08:05 1318639                    /usr/lib/jvm/java-11-openjdk-amd64/lib/libinstrument.so
7fe32b0de000-7fe32b0df000 r--p 0000b000 08:05 1318639                    /usr/lib/jvm/java-11-openjdk-amd64/lib/libinstrument.so
7fe32b0df000-7fe32b0e0000 rw-p 0000c000 08:05 1318639                    /usr/lib/jvm/java-11-openjdk-amd64/lib/libinstrument.so
7fe32b0e0000-7fe32b0e4000 ---p 00000000 00:00 0 
7fe32b0e4000-7fe32b1e0000 rw-p 00000000 00:00 0 
7fe32b1e0000-7fe32b1e3000 r--p 00000000 08:05 550371                     /usr/lib/x86_64-linux-gnu/libgcc_s.so.1
7fe32b1e3000-7fe32b1fa000 r-xp 00003000 08:05 550371                     /usr/lib/x86_64-linux-gnu/libgcc_s.so.1
7fe32b1fa000-7fe32b1fe000 r--p 0001a000 08:05 550371                     /usr/lib/x86_64-linux-gnu/libgcc_s.so.1
7fe32b1fe000-7fe32b1ff000 r--p 0001d000 08:05 550371                     /usr/lib/x86_64-linux-gnu/libgcc_s.so.1
7fe32b1ff000-7fe32b200000 rw-p 0001e000 08:05 550371                     /usr/lib/x86_64-linux-gnu/libgcc_s.so.1
7fe32b200000-7fe32b228000 r--p 00000000 08:05 526679                     /usr/lib/x86_64-linux-gnu/libc.so.6
7fe32b228000-7fe32b3bd000 r-xp 00028000 08:05 526679                     /usr/lib/x86_64-linux-gnu/libc.so.6
7fe32b3bd000-7fe32b415000 r--p 001bd000 08:05 526679                     /usr/lib/x86_64-linux-gnu/libc.so.6
7fe32b415000-7fe32b416000 ---p 00215000 08:05 526679                     /usr/lib/x86_64-linux-gnu/libc.so.6
7fe32b416000-7fe32b41a000 r--p 00215000 08:05 526679                     /usr/lib/x86_64-linux-gnu/libc.so.6
7fe32b41a000-7fe32b41c000 rw-p 00219000 08:05 526679                     /usr/lib/x86_64-linux-gnu/libc.so.6
7fe32b41c000-7fe32b429000 rw-p 00000000 00:00 0 
7fe32b42c000-7fe32b434000 rw-s 00000000 08:05 6160465                    /tmp/hsperfdata_luana/20079
7fe32b434000-7fe32b436000 r--p 00000000 08:05 1318647                    /usr/lib/jvm/java-11-openjdk-amd64/lib/libjimage.so
7fe32b436000-7fe32b439000 r-xp 00002000 08:05 1318647                    /usr/lib/jvm/java-11-openjdk-amd64/lib/libjimage.so
7fe32b439000-7fe32b43a000 r--p 00005000 08:05 1318647                    /usr/lib/jvm/java-11-openjdk-amd64/lib/libjimage.so
7fe32b43a000-7fe32b43b000 ---p 00006000 08:05 1318647                    /usr/lib/jvm/java-11-openjdk-amd64/lib/libjimage.so
7fe32b43b000-7fe32b43c000 r--p 00006000 08:05 1318647                    /usr/lib/jvm/java-11-openjdk-amd64/lib/libjimage.so
7fe32b43c000-7fe32b43d000 rw-p 00007000 08:05 1318647                    /usr/lib/jvm/java-11-openjdk-amd64/lib/libjimage.so
7fe32b43d000-7fe32b43e000 r--p 00000000 08:05 526773                     /usr/lib/x86_64-linux-gnu/librt.so.1
7fe32b43e000-7fe32b43f000 r-xp 00001000 08:05 526773                     /usr/lib/x86_64-linux-gnu/librt.so.1
7fe32b43f000-7fe32b440000 r--p 00002000 08:05 526773                     /usr/lib/x86_64-linux-gnu/librt.so.1
7fe32b440000-7fe32b441000 r--p 00002000 08:05 526773                     /usr/lib/x86_64-linux-gnu/librt.so.1
7fe32b441000-7fe32b442000 rw-p 00003000 08:05 526773                     /usr/lib/x86_64-linux-gnu/librt.so.1
7fe32b442000-7fe32b450000 r--p 00000000 08:05 526690                     /usr/lib/x86_64-linux-gnu/libm.so.6
7fe32b450000-7fe32b4cc000 r-xp 0000e000 08:05 526690                     /usr/lib/x86_64-linux-gnu/libm.so.6
7fe32b4cc000-7fe32b527000 r--p 0008a000 08:05 526690                     /usr/lib/x86_64-linux-gnu/libm.so.6
7fe32b527000-7fe32b528000 r--p 000e4000 08:05 526690                     /usr/lib/x86_64-linux-gnu/libm.so.6
7fe32b528000-7fe32b529000 rw-p 000e5000 08:05 526690                     /usr/lib/x86_64-linux-gnu/libm.so.6
7fe32b529000-7fe32b52c000 rw-p 00000000 00:00 0 
7fe32b52c000-7fe32b52f000 r--p 00000000 08:05 1318629                    /usr/lib/jvm/java-11-openjdk-amd64/lib/jli/libjli.so
7fe32b52f000-7fe32b539000 r-xp 00003000 08:05 1318629                    /usr/lib/jvm/java-11-openjdk-amd64/lib/jli/libjli.so
7fe32b539000-7fe32b53c000 r--p 0000d000 08:05 1318629                    /usr/lib/jvm/java-11-openjdk-amd64/lib/jli/libjli.so
7fe32b53c000-7fe32b53d000 ---p 00010000 08:05 1318629                    /usr/lib/jvm/java-11-openjdk-amd64/lib/jli/libjli.so
7fe32b53d000-7fe32b53e000 r--p 00010000 08:05 1318629                    /usr/lib/jvm/java-11-openjdk-amd64/lib/jli/libjli.so
7fe32b53e000-7fe32b53f000 rw-p 00011000 08:05 1318629                    /usr/lib/jvm/java-11-openjdk-amd64/lib/jli/libjli.so
7fe32b53f000-7fe32b541000 r--p 00000000 08:05 551519                     /usr/lib/x86_64-linux-gnu/libz.so.1.2.11
7fe32b541000-7fe32b552000 r-xp 00002000 08:05 551519                     /usr/lib/x86_64-linux-gnu/libz.so.1.2.11
7fe32b552000-7fe32b558000 r--p 00013000 08:05 551519                     /usr/lib/x86_64-linux-gnu/libz.so.1.2.11
7fe32b558000-7fe32b559000 ---p 00019000 08:05 551519                     /usr/lib/x86_64-linux-gnu/libz.so.1.2.11
7fe32b559000-7fe32b55a000 r--p 00019000 08:05 551519                     /usr/lib/x86_64-linux-gnu/libz.so.1.2.11
7fe32b55a000-7fe32b55b000 rw-p 0001a000 08:05 551519                     /usr/lib/x86_64-linux-gnu/libz.so.1.2.11
7fe32b55c000-7fe32b55d000 ---p 00000000 00:00 0 
7fe32b55d000-7fe32b55e000 r--p 00000000 00:00 0 
7fe32b55e000-7fe32b563000 r--p 00000000 08:05 1318663                    /usr/lib/jvm/java-11-openjdk-amd64/lib/libverify.so
7fe32b563000-7fe32b56a000 r-xp 00005000 08:05 1318663                    /usr/lib/jvm/java-11-openjdk-amd64/lib/libverify.so
7fe32b56a000-7fe32b56c000 r--p 0000c000 08:05 1318663                    /usr/lib/jvm/java-11-openjdk-amd64/lib/libverify.so
7fe32b56c000-7fe32b56e000 r--p 0000d000 08:05 1318663                    /usr/lib/jvm/java-11-openjdk-amd64/lib/libverify.so
7fe32b56e000-7fe32b56f000 rw-p 0000f000 08:05 1318663                    /usr/lib/jvm/java-11-openjdk-amd64/lib/libverify.so
7fe32b56f000-7fe32b571000 rw-p 00000000 00:00 0 
7fe32b571000-7fe32b573000 r--p 00000000 08:05 526673                     /usr/lib/x86_64-linux-gnu/ld-linux-x86-64.so.2
7fe32b573000-7fe32b59d000 r-xp 00002000 08:05 526673                     /usr/lib/x86_64-linux-gnu/ld-linux-x86-64.so.2
7fe32b59d000-7fe32b5a8000 r--p 0002c000 08:05 526673                     /usr/lib/x86_64-linux-gnu/ld-linux-x86-64.so.2
7fe32b5a9000-7fe32b5ab000 r--p 00037000 08:05 526673                     /usr/lib/x86_64-linux-gnu/ld-linux-x86-64.so.2
7fe32b5ab000-7fe32b5ad000 rw-p 00039000 08:05 526673                     /usr/lib/x86_64-linux-gnu/ld-linux-x86-64.so.2
7fffb0b7e000-7fffb0b9f000 rw-p 00000000 00:00 0                          [stack]
7fffb0bb3000-7fffb0bb7000 r--p 00000000 00:00 0                          [vvar]
7fffb0bb7000-7fffb0bb9000 r-xp 00000000 00:00 0                          [vdso]
ffffffffff600000-ffffffffff601000 --xp 00000000 00:00 0                  [vsyscall]


VM Arguments:
jvm_args: -Dmaven.multiModuleProjectDirectory=/home/luana/Documentos/Git/happyday -Djansi.passthrough=true -Dmaven.home=/home/luana/.m2/wrapper/dists/apache-maven-3.9.5-bin/2adeog8mj13csp1uusqnc1f2mo/apache-maven-3.9.5 -Dclassworlds.conf=/home/luana/.m2/wrapper/dists/apache-maven-3.9.5-bin/2adeog8mj13csp1uusqnc1f2mo/apache-maven-3.9.5/bin/m2.conf -Dmaven.ext.class.path=/snap/intellij-idea-community/495/plugins/maven/lib/maven-event-listener.jar -javaagent:/snap/intellij-idea-community/495/lib/idea_rt.jar=38799:/snap/intellij-idea-community/495/bin -Dfile.encoding=UTF-8 
java_command: org.codehaus.classworlds.Launcher -Didea.version=2024.1 clean
java_class_path (initial): /home/luana/.m2/wrapper/dists/apache-maven-3.9.5-bin/2adeog8mj13csp1uusqnc1f2mo/apache-maven-3.9.5/boot/plexus-classworlds-2.7.0.jar:/home/luana/.m2/wrapper/dists/apache-maven-3.9.5-bin/2adeog8mj13csp1uusqnc1f2mo/apache-maven-3.9.5/boot/plexus-classworlds.license
Launcher Type: SUN_STANDARD

[Global flags]
     intx CICompilerCount                          = 3                                         {product} {ergonomic}
     uint ConcGCThreads                            = 1                                         {product} {ergonomic}
     uint G1ConcRefinementThreads                  = 4                                         {product} {ergonomic}
   size_t G1HeapRegionSize                         = 1048576                                   {product} {ergonomic}
    uintx GCDrainStackTargetSize                   = 64                                        {product} {ergonomic}
   size_t InitialHeapSize                          = 130023424                                 {product} {ergonomic}
   size_t MarkStackSize                            = 4194304                                   {product} {ergonomic}
   size_t MaxHeapSize                              = 2059403264                                {product} {ergonomic}
   size_t MaxNewSize                               = 1235222528                                {product} {ergonomic}
   size_t MinHeapDeltaBytes                        = 1048576                                   {product} {ergonomic}
    uintx NonNMethodCodeHeapSize                   = 5830732                                {pd product} {ergonomic}
    uintx NonProfiledCodeHeapSize                  = 122913754                              {pd product} {ergonomic}
    uintx ProfiledCodeHeapSize                     = 122913754                              {pd product} {ergonomic}
    uintx ReservedCodeCacheSize                    = 251658240                              {pd product} {ergonomic}
     bool SegmentedCodeCache                       = true                                      {product} {ergonomic}
     bool UseCompressedClassPointers               = true                                 {lp64_product} {ergonomic}
     bool UseCompressedOops                        = true                                 {lp64_product} {ergonomic}
     bool UseG1GC                                  = true                                      {product} {ergonomic}

Logging:
Log output configuration:
 #0: stdout all=warning uptime,level,tags
 #1: stderr all=off uptime,level,tags

Environment Variables:
PATH=/usr/local/sbin:/usr/local/bin:/usr/sbin:/usr/bin:/sbin:/bin:/usr/games:/usr/local/games:/snap/bin
SHELL=/bin/bash
DISPLAY=:0
LANG=pt_BR.UTF-8

Signal Handlers:
SIGSEGV: [libjvm.so+0xead700], sa_mask[0]=11111111011111111101111111111110, sa_flags=SA_RESTART|SA_SIGINFO
SIGBUS: [libjvm.so+0xead700], sa_mask[0]=11111111011111111101111111111110, sa_flags=SA_RESTART|SA_SIGINFO
SIGFPE: [libjvm.so+0xead700], sa_mask[0]=11111111011111111101111111111110, sa_flags=SA_RESTART|SA_SIGINFO
SIGPIPE: [libjvm.so+0xbefa50], sa_mask[0]=11111111011111111101111111111110, sa_flags=SA_RESTART|SA_SIGINFO
SIGXFSZ: [libjvm.so+0xbefa50], sa_mask[0]=11111111011111111101111111111110, sa_flags=SA_RESTART|SA_SIGINFO
SIGILL: [libjvm.so+0xead700], sa_mask[0]=11111111011111111101111111111110, sa_flags=SA_RESTART|SA_SIGINFO
SIGUSR2: [libjvm.so+0xbef8f0], sa_mask[0]=00100000000000000000000000000000, sa_flags=SA_RESTART|SA_SIGINFO
SIGHUP: [libjvm.so+0xbf00b0], sa_mask[0]=11111111011111111101111111111110, sa_flags=SA_RESTART|SA_SIGINFO
SIGINT: [libjvm.so+0xbf00b0], sa_mask[0]=11111111011111111101111111111110, sa_flags=SA_RESTART|SA_SIGINFO
SIGTERM: [libjvm.so+0xbf00b0], sa_mask[0]=11111111011111111101111111111110, sa_flags=SA_RESTART|SA_SIGINFO
SIGQUIT: [libjvm.so+0xbf00b0], sa_mask[0]=11111111011111111101111111111110, sa_flags=SA_RESTART|SA_SIGINFO


---------------  S Y S T E M  ---------------

OS:DISTRIB_ID=Ubuntu
DISTRIB_RELEASE=22.04
DISTRIB_CODENAME=jammy
DISTRIB_DESCRIPTION="Ubuntu 22.04.3 LTS"
uname:Linux 6.5.0-28-generic #29~22.04.1-Ubuntu SMP PREEMPT_DYNAMIC Thu Apr  4 14:39:20 UTC 2 x86_64
OS uptime: 0 days 6:47 hours
libc:glibc 2.35 NPTL 2.35 
rlimit (soft/hard): STACK 8192k/infinity , CORE 0k/infinity , NPROC 30890/30890 , NOFILE 1048576/1048576 , AS infinity/infinity , CPU infinity/infinity , DATA infinity/infinity , FSIZE infinity/infinity , MEMLOCK 1004568k/1004568k
load average:5,62 4,60 3,47

/proc/meminfo:
MemTotal:        8036548 kB
MemFree:          187960 kB
MemAvailable:     729428 kB
Buffers:           16484 kB
Cached:          1782096 kB
SwapCached:            0 kB
Active:          4144032 kB
Inactive:        2361492 kB
Active(anon):    3740036 kB
Inactive(anon):  2041740 kB
Active(file):     403996 kB
Inactive(file):   319752 kB
Unevictable:      940652 kB
Mlocked:               0 kB
SwapTotal:             0 kB
SwapFree:              0 kB
Zswap:                 0 kB
Zswapped:              0 kB
Dirty:               832 kB
Writeback:             0 kB
AnonPages:       5648188 kB
Mapped:           397960 kB
Shmem:           1074488 kB
KReclaimable:      80736 kB
Slab:             217560 kB
SReclaimable:      80736 kB
SUnreclaim:       136824 kB
KernelStack:       18348 kB
PageTables:        53204 kB
SecPageTables:         0 kB
NFS_Unstable:          0 kB
Bounce:                0 kB
WritebackTmp:          0 kB
CommitLimit:     4018272 kB
Committed_AS:   12454924 kB
VmallocTotal:   34359738367 kB
VmallocUsed:       47156 kB
VmallocChunk:          0 kB
Percpu:             2784 kB
HardwareCorrupted:     0 kB
AnonHugePages:         0 kB
ShmemHugePages:        0 kB
ShmemPmdMapped:        0 kB
FileHugePages:         0 kB
FilePmdMapped:         0 kB
Unaccepted:            0 kB
HugePages_Total:       0
HugePages_Free:        0
HugePages_Rsvd:        0
HugePages_Surp:        0
Hugepagesize:       2048 kB
Hugetlb:               0 kB
DirectMap4k:      206656 kB
DirectMap2M:     3901440 kB
DirectMap1G:     5242880 kB

/sys/kernel/mm/transparent_hugepage/enabled:
always [madvise] never
/sys/kernel/mm/transparent_hugepage/defrag (defrag/compaction efforts parameter):
always defer defer+madvise [madvise] never

Process Memory:
Virtual Size: 4616468K (peak: 13436132K)
Resident Set Size: 40772K (peak: 40772K) (anon: 13952K, file: 26820K, shmem: 0K)
Swapped out: 0K
C-Heap outstanding allocations: 15896K, retained: 1563K
glibc malloc tunables: (default)

/proc/sys/kernel/threads-max (system-wide limit on the number of threads):
61781
/proc/sys/vm/max_map_count (maximum number of memory map areas a process may have):
65530
/proc/sys/kernel/pid_max (system-wide limit on number of process identifiers):
4194304

container (cgroup) information:
container_type: cgroupv2
cpu_cpuset_cpus: not supported
cpu_memory_nodes: not supported
active_processor_count: 4
cpu_quota: not supported
cpu_period: not supported
cpu_shares: not supported
memory_limit_in_bytes: unlimited
memory_and_swap_limit_in_bytes: unlimited
memory_soft_limit_in_bytes: unlimited
memory_usage_in_bytes: 2382772 k
memory_max_usage_in_bytes: not supported
memory_swap_current_in_bytes: unlimited
memory_swap_max_limit_in_bytes: unlimited
maximum number of tasks: 9267
current number of tasks: 107

Steal ticks since vm start: 0
Steal ticks percentage since vm start:  0,000

CPU:total 4 (initial active 4) (2 cores per cpu, 2 threads per core) family 6 model 61 stepping 4 microcode 0x2f, cmov, cx8, fxsr, mmx, sse, sse2, sse3, ssse3, sse4.1, sse4.2, popcnt, avx, avx2, aes, clmul, erms, 3dnowpref, lzcnt, ht, tsc, tscinvbit, bmi1, bmi2, adx, fma
CPU Model and flags from /proc/cpuinfo:
model name	: Intel(R) Core(TM) i7-5500U CPU @ 2.40GHz
flags		: fpu vme de pse tsc msr pae mce cx8 apic sep mtrr pge mca cmov pat pse36 clflush dts acpi mmx fxsr sse sse2 ss ht tm pbe syscall nx pdpe1gb rdtscp lm constant_tsc arch_perfmon pebs bts rep_good nopl xtopology nonstop_tsc cpuid aperfmperf pni pclmulqdq dtes64 monitor ds_cpl vmx est tm2 ssse3 sdbg fma cx16 xtpr pdcm pcid sse4_1 sse4_2 x2apic movbe popcnt tsc_deadline_timer aes xsave avx f16c rdrand lahf_lm abm 3dnowprefetch cpuid_fault epb invpcid_single pti ssbd ibrs ibpb stibp tpr_shadow flexpriority ept vpid ept_ad fsgsbase tsc_adjust bmi1 avx2 smep bmi2 erms invpcid rdseed adx smap intel_pt xsaveopt dtherm ida arat pln pts vnmi md_clear flush_l1d
Online cpus:
0-3
Offline cpus:

BIOS frequency limitation:
<Not Available>
Frequency switch latency (ns):
20000
Available cpu frequencies:
<Not Available>
Current governor:
schedutil
Core performance/turbo boost:
<Not Available>

Memory: 4k page, physical 8036548k(187960k free), swap 0k(0k free)

vm_info: OpenJDK 64-Bit Server VM (11.0.22+7-post-Ubuntu-0ubuntu222.04.1) for linux-amd64 JRE (11.0.22+7-post-Ubuntu-0ubuntu222.04.1), built on Feb  5 2024 20:45:01 by "unknown" with gcc 11.4.0

END.
